Base path: /Applications/Unity/Hub/Editor/2018.2.20f1/Unity.app/Contents
Cmd: initializeCompiler
Cmd: compileComputeKernel
  api=14 insize=2059 outsize=2129 ok=1
Cmd: translateComputeKernel
  api=14 insize=2129 outsize=3885 ok=1
Cmd: compileComputeKernel
  api=14 insize=2780 outsize=48553 ok=1
Cmd: translateComputeKernel
  api=14 insize=48933 outsize=86117 ok=1
Cmd: translateComputeKernel
  api=14 insize=10537 outsize=18405 ok=1
Cmd: compileComputeKernel
  api=14 insize=5004 outsize=5509 ok=1
Cmd: translateComputeKernel
  api=14 insize=11209 outsize=18525 ok=1
Cmd: compileComputeKernel
  api=14 insize=9166 outsize=9517 ok=1
Cmd: compileComputeKernel
  api=14 insize=9166 outsize=9937 ok=1
Cmd: translateComputeKernel
  api=14 insize=9381 outsize=16149 ok=1
Cmd: compileComputeKernel
  api=14 insize=1470 outsize=1049 ok=1
Cmd: translateComputeKernel
  api=14 insize=1053 outsize=1085 ok=1
Cmd: compileComputeKernel
  api=14 insize=2867 outsize=2021 ok=1
Cmd: translateComputeKernel
  api=14 insize=2021 outsize=3169 ok=1
Cmd: translateComputeKernel
  api=14 insize=2001 outsize=3541 ok=1
Cmd: compileComputeKernel
  api=14 insize=1454 outsize=1193 ok=1
Cmd: compileComputeKernel
  api=14 insize=16784 outsize=5393 ok=1
Cmd: compileComputeKernel
  api=14 insize=16784 outsize=6785 ok=1
Cmd: compileComputeKernel
  api=14 insize=16784 outsize=5993 ok=1
Cmd: compileComputeKernel
  api=14 insize=16784 outsize=7073 ok=1
Cmd: compileComputeKernel
  api=14 insize=16784 outsize=8157 ok=1
Cmd: compileComputeKernel
  api=14 insize=16784 outsize=9233 ok=1
Cmd: compileComputeKernel
  api=14 insize=16784 outsize=7821 ok=1
Cmd: compileComputeKernel
  api=14 insize=16784 outsize=8805 ok=1
Cmd: compileComputeKernel
  api=14 insize=16784 outsize=10773 ok=1
Cmd: compileComputeKernel
  api=14 insize=16784 outsize=7925 ok=1
Cmd: compileComputeKernel
  api=14 insize=16784 outsize=8933 ok=1
Cmd: compileComputeKernel
  api=14 insize=16784 outsize=8525 ok=1
Cmd: compileComputeKernel
  api=14 insize=16784 outsize=9609 ok=1
Cmd: compileComputeKernel
  api=14 insize=16784 outsize=10705 ok=1
Cmd: compileComputeKernel
  api=14 insize=16784 outsize=9293 ok=1
Cmd: compileComputeKernel
  api=14 insize=16784 outsize=10277 ok=1
Cmd: compileComputeKernel
  api=14 insize=16784 outsize=12245 ok=1
Cmd: translateComputeKernel
  api=14 insize=6165 outsize=11025 ok=1
Cmd: translateComputeKernel
  api=14 insize=7245 outsize=13221 ok=1
Cmd: translateComputeKernel
  api=14 insize=6417 outsize=11129 ok=1
Cmd: translateComputeKernel
  api=14 insize=8197 outsize=14685 ok=1
Cmd: translateComputeKernel
  api=14 insize=8285 outsize=14921 ok=1
Cmd: translateComputeKernel
  api=14 insize=10473 outsize=19253 ok=1
Cmd: translateComputeKernel
  api=14 insize=9409 outsize=17757 ok=1
Cmd: translateComputeKernel
  api=14 insize=11069 outsize=20901 ok=1
Cmd: translateComputeKernel
  api=14 insize=8697 outsize=16397 ok=1
Cmd: translateComputeKernel
  api=14 insize=7869 outsize=14345 ok=1
Cmd: translateComputeKernel
  api=14 insize=9261 outsize=17185 ok=1
Cmd: translateComputeKernel
  api=14 insize=9301 outsize=17289 ok=1
Cmd: translateComputeKernel
  api=14 insize=11269 outsize=21305 ok=1
Cmd: translateComputeKernel
  api=14 insize=9897 outsize=19217 ok=1
Cmd: translateComputeKernel
  api=14 insize=11865 outsize=23233 ok=1
Cmd: initializeCompiler

Quitting shader compiler process
