Base path: /Applications/Unity/Hub/Editor/2018.3.1f1/Unity.app/Contents
Cmd: initializeCompiler
Cmd: compileComputeKernel
  api=14 insize=2863 outsize=48933 ok=1
Cmd: translateComputeKernel
  api=14 insize=48553 outsize=85569 ok=1
Cmd: compileComputeKernel
  api=14 insize=11176 outsize=11453 ok=1
Cmd: translateComputeKernel
  api=14 insize=11453 outsize=22669 ok=1
Cmd: compileComputeKernel
  api=14 insize=5022 outsize=5509 ok=1
Cmd: translateComputeKernel
  api=14 insize=11209 outsize=18525 ok=1
Cmd: translateComputeKernel
  api=14 insize=3265 outsize=5361 ok=1
Cmd: compileComputeKernel
  api=14 insize=18731 outsize=9721 ok=1
Cmd: compileComputeKernel
  api=14 insize=18731 outsize=11321 ok=1
Cmd: translateComputeKernel
  api=14 insize=9533 outsize=16349 ok=1
Cmd: translateComputeKernel
  api=14 insize=9953 outsize=16877 ok=1
Cmd: translateComputeKernel
  api=14 insize=11321 outsize=24609 ok=1
Cmd: translateComputeKernel
  api=14 insize=11489 outsize=24921 ok=1
Cmd: translateComputeKernel
  api=14 insize=11797 outsize=25309 ok=1
Cmd: translateComputeKernel
  api=14 insize=853 outsize=785 ok=1
Cmd: translateComputeKernel
  api=14 insize=2001 outsize=3541 ok=1
Cmd: translateComputeKernel
  api=14 insize=1509 outsize=2273 ok=1
Cmd: initializeCompiler

Quitting shader compiler process
